


-------
Message sent: 250 2.0.0 OK 1427451784 na4sm2167679wic.10 - gsmtp
-------



Fri Mar 27 2015 12:24:03 GMT+0200 (EET) 'started'
Fri Mar 27 2015 12:24:19 GMT+0200 (EET) 'Fetching sessionId from "https://bilet.privatbank.ua/sports"'
Fri Mar 27 2015 12:24:22 GMT+0200 (EET) 'sessionId: 802c9dec-d2c4-4f1d-92f0-c06997132fed'
Fri Mar 27 2015 12:24:22 GMT+0200 (EET) 'Making request'



-------
Message sent: 250 2.0.0 OK 1427451868 dq8sm2172558wib.9 - gsmtp
-------



Fri Mar 27 2015 12:25:04 GMT+0200 (EET) 'started'
Fri Mar 27 2015 12:25:06 GMT+0200 (EET) 'Fetching sessionId from "https://bilet.privatbank.ua/sports"'
Fri Mar 27 2015 12:25:11 GMT+0200 (EET) 'sessionId: c609bfb8-9e37-4cd0-9dba-5f7b7d95e984'
Fri Mar 27 2015 12:25:11 GMT+0200 (EET) 'Making request'
Fri Mar 27 2015 12:25:15 GMT+0200 (EET) 'No tickets available yet'
Fri Mar 27 2015 12:26:00 GMT+0200 (EET) 'started'
Fri Mar 27 2015 12:26:01 GMT+0200 (EET) 'Fetching sessionId from "https://bilet.privatbank.ua/sports"'
Fri Mar 27 2015 12:26:04 GMT+0200 (EET) 'sessionId: 58508e3f-aa9e-46ea-be5b-7318e5218cf6'
Fri Mar 27 2015 12:26:04 GMT+0200 (EET) 'Making request'
Fri Mar 27 2015 12:26:08 GMT+0200 (EET) 'No tickets available yet'
Fri Mar 27 2015 12:27:01 GMT+0200 (EET) 'started'
Fri Mar 27 2015 12:27:03 GMT+0200 (EET) 'Fetching sessionId from "https://bilet.privatbank.ua/sports"'
Fri Mar 27 2015 12:27:05 GMT+0200 (EET) 'sessionId: 8471463d-575a-480e-94f2-f4f3f1b86ecc'
Fri Mar 27 2015 12:27:05 GMT+0200 (EET) 'Making request'
Fri Mar 27 2015 12:27:09 GMT+0200 (EET) 'No tickets available yet'
Fri Mar 27 2015 12:28:01 GMT+0200 (EET) 'started'
Fri Mar 27 2015 12:28:03 GMT+0200 (EET) 'Fetching sessionId from "https://bilet.privatbank.ua/sports"'
Fri Mar 27 2015 12:28:08 GMT+0200 (EET) 'sessionId: bf8a3367-0fc1-4abe-afe0-d971f01ac1bb'
Fri Mar 27 2015 12:28:08 GMT+0200 (EET) 'Making request'
Fri Mar 27 2015 12:28:18 GMT+0200 (EET) 'No tickets available yet'
Fri Mar 27 2015 12:29:00 GMT+0200 (EET) 'started'
Fri Mar 27 2015 12:29:02 GMT+0200 (EET) 'Fetching sessionId from "https://bilet.privatbank.ua/sports"'
Fri Mar 27 2015 12:29:05 GMT+0200 (EET) 'sessionId: 7ad57a88-7766-4c79-b094-f72802f37823'
Fri Mar 27 2015 12:29:05 GMT+0200 (EET) 'Making request'
Fri Mar 27 2015 12:29:09 GMT+0200 (EET) 'No tickets available yet'
Fri Mar 27 2015 12:30:01 GMT+0200 (EET) 'started'
Fri Mar 27 2015 12:30:02 GMT+0200 (EET) 'Fetching sessionId from "https://bilet.privatbank.ua/sports"'
Fri Mar 27 2015 12:30:05 GMT+0200 (EET) 'sessionId: 977f6d94-57b6-48aa-97d9-a8e1d08ffcb3'
Fri Mar 27 2015 12:30:05 GMT+0200 (EET) 'Making request'
Fri Mar 27 2015 12:30:10 GMT+0200 (EET) 'No tickets available yet'
Fri Mar 27 2015 12:31:00 GMT+0200 (EET) 'started'
Fri Mar 27 2015 12:31:02 GMT+0200 (EET) 'Fetching sessionId from "https://bilet.privatbank.ua/sports"'
Fri Mar 27 2015 12:31:07 GMT+0200 (EET) 'sessionId: 02368b5f-4dce-455e-82d0-18fd123a9c78'
Fri Mar 27 2015 12:31:07 GMT+0200 (EET) 'Making request'
Fri Mar 27 2015 12:31:11 GMT+0200 (EET) 'No tickets available yet'
Fri Mar 27 2015 12:32:01 GMT+0200 (EET) 'started'
Fri Mar 27 2015 12:32:02 GMT+0200 (EET) 'Fetching sessionId from "https://bilet.privatbank.ua/sports"'
Fri Mar 27 2015 12:32:05 GMT+0200 (EET) 'sessionId: cda2c6d6-14b0-453b-b5af-0e890a1a278d'
Fri Mar 27 2015 12:32:05 GMT+0200 (EET) 'Making request'
Fri Mar 27 2015 12:32:10 GMT+0200 (EET) 'No tickets available yet'
Fri Mar 27 2015 12:33:00 GMT+0200 (EET) 'started'
Fri Mar 27 2015 12:33:02 GMT+0200 (EET) 'Fetching sessionId from "https://bilet.privatbank.ua/sports"'
Fri Mar 27 2015 12:33:04 GMT+0200 (EET) 'sessionId: a149ee33-4c67-4b18-a753-d4db374c07a5'
Fri Mar 27 2015 12:33:04 GMT+0200 (EET) 'Making request'
Fri Mar 27 2015 12:33:09 GMT+0200 (EET) 'No tickets available yet'
Fri Mar 27 2015 12:34:00 GMT+0200 (EET) 'started'
Fri Mar 27 2015 12:34:02 GMT+0200 (EET) 'Fetching sessionId from "https://bilet.privatbank.ua/sports"'
Fri Mar 27 2015 12:34:04 GMT+0200 (EET) 'sessionId: 13a82ebc-bf16-407d-9e71-8cb8ca52c78d'
Fri Mar 27 2015 12:34:04 GMT+0200 (EET) 'Making request'
Fri Mar 27 2015 12:34:09 GMT+0200 (EET) 'No tickets available yet'
